<?xml version="1.0" encoding="UTF-8"?>
<testng-results ignored="0" total="1" passed="1" failed="0" skipped="0">
  <reporter-output>
  </reporter-output>
  <suite started-at="2024-05-13T15:22:26 BDT" name="Default suite" finished-at="2024-05-13T15:22:32 BDT" duration-ms="5367">
    <groups>
    </groups>
    <test started-at="2024-05-13T15:22:26 BDT" name="Default test" finished-at="2024-05-13T15:22:32 BDT" duration-ms="5367">
      <class name="test.PouplarInTown_NewToReserveit">
        <test-method is-config="true" signature="setDriver()[pri:0, instance:test.PouplarInTown_NewToReserveit@384ad17b]" started-at="2024-05-13T15:22:18 BDT" name="setDriver" finished-at="2024-05-13T15:22:26 BDT" duration-ms="8006" status="PASS">
          <reporter-output>
          </reporter-output>
        </test-method> <!-- setDriver -->
        <test-method signature="popular_in_town()[pri:1, instance:test.PouplarInTown_NewToReserveit@384ad17b]" started-at="2024-05-13T15:22:26 BDT" name="popular_in_town" finished-at="2024-05-13T15:22:32 BDT" duration-ms="5347" status="PASS">
          <reporter-output>
          </reporter-output>
        </test-method> <!-- popular_in_town -->
      </class> <!-- test.PouplarInTown_NewToReserveit -->
    </test> <!-- Default test -->
  </suite> <!-- Default suite -->
</testng-results>
